<?xml version="1.0" encoding="UTF-8" ?>
<testsuite tests="5" failures="1" name="vapeshop.test.controller.VapeUnitTest" time="0.095" errors="0" skipped="0">
  <properties>
    <property name="java.runtime.name" value="Java(TM) SE Runtime Environment"/>
    <property name="java.vm.version" value="17+35-LTS-2724"/>
    <property name="sun.boot.library.path" value="C:\Program Files\Java\jdk-17\bin"/>
    <property name="user.country.format" value="BY"/>
    <property name="maven.multiModuleProjectDirectory" value="E:\SenlaIntencive1\intencive17"/>
    <property name="java.vm.vendor" value="Oracle Corporation"/>
    <property name="java.vendor.url" value="https://java.oracle.com/"/>
    <property name="guice.disable.misplaced.annotation.check" value="true"/>
    <property name="path.separator" value=";"/>
    <property name="java.vm.name" value="Java HotSpot(TM) 64-Bit Server VM"/>
    <property name="sun.os.patch.level" value=""/>
    <property name="user.script" value=""/>
    <property name="user.country" value="RU"/>
    <property name="sun.java.launcher" value="SUN_STANDARD"/>
    <property name="java.vm.specification.name" value="Java Virtual Machine Specification"/>
    <property name="user.dir" value="E:\SenlaIntencive1\intencive17"/>
    <property name="java.vm.compressedOopsMode" value="32-bit"/>
    <property name="java.runtime.version" value="17+35-LTS-2724"/>
    <property name="os.arch" value="amd64"/>
    <property name="java.io.tmpdir" value="C:\Users\Asus\AppData\Local\Temp\"/>
    <property name="line.separator" value="
"/>
    <property name="java.vm.specification.vendor" value="Oracle Corporation"/>
    <property name="user.variant" value=""/>
    <property name="os.name" value="Windows 10"/>
    <property name="classworlds.conf" value="D:\Maven\apache-maven-3.8.7\bin\m2.conf"/>
    <property name="sun.jnu.encoding" value="Cp1251"/>
    <property name="java.library.path" value="C:\Program Files\Java\jdk-17\bin;C:\Windows\Sun\Java\bin;C:\Windows\system32;C:\Windows;C:\Program Files\Common Files\Oracle\Java\javapath;C:\Windows\system32;C:\Windows;C:\Windows\System32\Wbem;C:\Windows\System32\WindowsPowerShell\v1.0\;C:\Windows\System32\OpenSSH\;C:\Program Files (x86)\Brackets\command;C:\Program Files (x86)\dotnet\;C:\Program Files\Git\cmd;C:\Program Files\nodejs\;C:\Program Files\Docker\Docker\resources\bin;C:\Program Files\MySQL\MySQL Shell 8.0\bin\;C:\Users\Asus\AppData\Local\Microsoft\WindowsApps;C:\Program Files\JetBrains\IntelliJ IDEA Community Edition 2020.3.4\bin;C:\Program Files\JetBrains\PyCharm Community Edition 2020.2.5\bin;C:\Program Files\JetBrains\IntelliJ IDEA 2020.3.4\bin;E:\PhpStorm 2021.2.3\bin;C:\Program Files\JetBrains\IntelliJ IDEA 2021.2.3\bin;C:\Users\Asus\AppData\Local\GitHubDesktop\bin;C:\Users\Asus\AppData\Roaming\npm;C:\Program Files\JetBrains\WebStorm 2021.3\bin;C:\Users\Asus\AppData\Local\Programs\Microsoft VS Code\bin;D:\Maven\apache-maven-3.8.7\bin;."/>
    <property name="maven.conf" value="D:\Maven\apache-maven-3.8.7/conf"/>
    <property name="jdk.debug" value="release"/>
    <property name="java.class.version" value="61.0"/>
    <property name="java.specification.name" value="Java Platform API Specification"/>
    <property name="sun.management.compiler" value="HotSpot 64-Bit Tiered Compilers"/>
    <property name="os.version" value="10.0"/>
    <property name="library.jansi.path" value="D:\Maven\apache-maven-3.8.7\lib\jansi-native"/>
    <property name="user.home" value="C:\Users\Asus"/>
    <property name="user.timezone" value="Europe/Moscow"/>
    <property name="file.encoding" value="Cp1251"/>
    <property name="java.specification.version" value="17"/>
    <property name="user.name" value="Asus"/>
    <property name="java.class.path" value="D:\Maven\apache-maven-3.8.7\boot\plexus-classworlds-2.6.0.jar"/>
    <property name="java.vm.specification.version" value="17"/>
    <property name="sun.arch.data.model" value="64"/>
    <property name="sun.java.command" value="org.codehaus.plexus.classworlds.launcher.Launcher package"/>
    <property name="java.home" value="C:\Program Files\Java\jdk-17"/>
    <property name="user.language" value="ru"/>
    <property name="java.specification.vendor" value="Oracle Corporation"/>
    <property name="java.vm.info" value="mixed mode, sharing"/>
    <property name="java.version" value="17"/>
    <property name="native.encoding" value="Cp1251"/>
    <property name="java.vendor" value="Oracle Corporation"/>
    <property name="sun.stderr.encoding" value="cp866"/>
    <property name="maven.home" value="D:\Maven\apache-maven-3.8.7"/>
    <property name="file.separator" value="\"/>
    <property name="java.version.date" value="2021-09-14"/>
    <property name="java.vendor.url.bug" value="https://bugreport.java.com/bugreport/"/>
    <property name="sun.io.unicode.encoding" value="UnicodeLittle"/>
    <property name="sun.cpu.endian" value="little"/>
    <property name="sun.stdout.encoding" value="cp866"/>
    <property name="sun.cpu.isalist" value="amd64"/>
  </properties>
  <testcase classname="vapeshop.test.controller.VapeUnitTest" name="testGetByIdVape" time="0.018"/>
  <testcase classname="vapeshop.test.controller.VapeUnitTest" name="testAddVape" time="0.03"/>
  <testcase classname="vapeshop.test.controller.VapeUnitTest" name="testUpdateVape" time="0.025">
    <failure message="expected: &lt;{&quot;id&quot;:1,&quot;power&quot;:120,&quot;battery&quot;:22450,&quot;type&quot;:&quot;РњРѕРґ&quot;,&quot;itemForVape&quot;:{&quot;id&quot;:1,&quot;photo&quot;:&quot;photo4&quot;,&quot;name&quot;:&quot;HotSpot BubleGum Update&quot;}}&gt; but was: &lt;{&quot;id&quot;:1,&quot;power&quot;:120,&quot;battery&quot;:22450,&quot;type&quot;:&quot;РњРѕРґ&quot;,&quot;itemForVape&quot;:{&quot;id&quot;:1,&quot;photo&quot;:&quot;path\\photo1&quot;,&quot;name&quot;:&quot;РњРёС€РєРё 3РІ1&quot;}}&gt;" type="org.opentest4j.AssertionFailedError">org.opentest4j.AssertionFailedError: expected: &lt;{&quot;id&quot;:1,&quot;power&quot;:120,&quot;battery&quot;:22450,&quot;type&quot;:&quot;РњРѕРґ&quot;,&quot;itemForVape&quot;:{&quot;id&quot;:1,&quot;photo&quot;:&quot;photo4&quot;,&quot;name&quot;:&quot;HotSpot BubleGum Update&quot;}}&gt; but was: &lt;{&quot;id&quot;:1,&quot;power&quot;:120,&quot;battery&quot;:22450,&quot;type&quot;:&quot;РњРѕРґ&quot;,&quot;itemForVape&quot;:{&quot;id&quot;:1,&quot;photo&quot;:&quot;path\\photo1&quot;,&quot;name&quot;:&quot;РњРёС€РєРё 3РІ1&quot;}}&gt;
	at org.junit.jupiter.api.AssertionUtils.fail(AssertionUtils.java:55)
	at org.junit.jupiter.api.AssertEquals.failNotEqual(AssertEquals.java:195)
	at org.junit.jupiter.api.AssertEquals.assertEquals(AssertEquals.java:184)
	at org.junit.jupiter.api.AssertEquals.assertEquals(AssertEquals.java:179)
	at org.junit.jupiter.api.Assertions.assertEquals(Assertions.java:1124)
	at vapeshop.test.controller.VapeUnitTest.testUpdateVape(VapeUnitTest.java:70)
	at java.base/jdk.internal.reflect.NativeMethodAccessorImpl.invoke0(Native Method)
	at java.base/jdk.internal.reflect.NativeMethodAccessorImpl.invoke(NativeMethodAccessorImpl.java:77)
	at java.base/jdk.internal.reflect.DelegatingMethodAccessorImpl.invoke(DelegatingMethodAccessorImpl.java:43)
	at java.base/java.lang.reflect.Method.invoke(Method.java:568)
	at org.junit.runners.model.FrameworkMethod$1.runReflectiveCall(FrameworkMethod.java:59)
	at org.junit.internal.runners.model.ReflectiveCallable.run(ReflectiveCallable.java:12)
	at org.junit.runners.model.FrameworkMethod.invokeExplosively(FrameworkMethod.java:56)
	at org.junit.internal.runners.statements.InvokeMethod.evaluate(InvokeMethod.java:17)
	at org.springframework.test.context.junit4.statements.RunBeforeTestExecutionCallbacks.evaluate(RunBeforeTestExecutionCallbacks.java:74)
	at org.springframework.test.context.junit4.statements.RunAfterTestExecutionCallbacks.evaluate(RunAfterTestExecutionCallbacks.java:84)
	at org.junit.internal.runners.statements.RunBefores.evaluate(RunBefores.java:26)
	at org.springframework.test.context.junit4.statements.RunBeforeTestMethodCallbacks.evaluate(RunBeforeTestMethodCallbacks.java:75)
	at org.springframework.test.context.junit4.statements.RunAfterTestMethodCallbacks.evaluate(RunAfterTestMethodCallbacks.java:86)
	at org.springframework.test.context.junit4.statements.SpringRepeat.evaluate(SpringRepeat.java:84)
	at org.junit.runners.ParentRunner.runLeaf(ParentRunner.java:366)
	at org.springframework.test.context.junit4.SpringJUnit4ClassRunner.runChild(SpringJUnit4ClassRunner.java:251)
	at org.springframework.test.context.junit4.SpringJUnit4ClassRunner.runChild(SpringJUnit4ClassRunner.java:97)
	at org.junit.runners.ParentRunner$4.run(ParentRunner.java:331)
	at org.junit.runners.ParentRunner$1.schedule(ParentRunner.java:79)
	at org.junit.runners.ParentRunner.runChildren(ParentRunner.java:329)
	at org.junit.runners.ParentRunner.access$100(ParentRunner.java:66)
	at org.junit.runners.ParentRunner$2.evaluate(ParentRunner.java:293)
	at org.springframework.test.context.junit4.statements.RunBeforeTestClassCallbacks.evaluate(RunBeforeTestClassCallbacks.java:61)
	at org.springframework.test.context.junit4.statements.RunAfterTestClassCallbacks.evaluate(RunAfterTestClassCallbacks.java:70)
	at org.junit.runners.ParentRunner$3.evaluate(ParentRunner.java:306)
	at org.junit.runners.ParentRunner.run(ParentRunner.java:413)
	at org.springframework.test.context.junit4.SpringJUnit4ClassRunner.run(SpringJUnit4ClassRunner.java:190)
	at org.apache.maven.surefire.junit4.JUnit4Provider.execute(JUnit4Provider.java:252)
	at org.apache.maven.surefire.junit4.JUnit4Provider.executeTestSet(JUnit4Provider.java:141)
	at org.apache.maven.surefire.junit4.JUnit4Provider.invoke(JUnit4Provider.java:112)
	at java.base/jdk.internal.reflect.NativeMethodAccessorImpl.invoke0(Native Method)
	at java.base/jdk.internal.reflect.NativeMethodAccessorImpl.invoke(NativeMethodAccessorImpl.java:77)
	at java.base/jdk.internal.reflect.DelegatingMethodAccessorImpl.invoke(DelegatingMethodAccessorImpl.java:43)
	at java.base/java.lang.reflect.Method.invoke(Method.java:568)
	at org.apache.maven.surefire.util.ReflectionUtils.invokeMethodWithArray(ReflectionUtils.java:189)
	at org.apache.maven.surefire.booter.ProviderFactory$ProviderProxy.invoke(ProviderFactory.java:165)
	at org.apache.maven.surefire.booter.ProviderFactory.invokeProvider(ProviderFactory.java:85)
	at org.apache.maven.surefire.booter.ForkedBooter.runSuitesInProcess(ForkedBooter.java:115)
	at org.apache.maven.surefire.booter.ForkedBooter.main(ForkedBooter.java:75)
</failure>
    <system-out>Hibernate: select vape0_.id_vape as id_vape1_10_0_, vape0_.battery as battery2_10_0_, vape0_.vape_id as vape_id5_10_0_, vape0_.power_vape as power_va3_10_0_, vape0_.type_vape as type_vap4_10_0_ from Vape vape0_ where vape0_.id_vape=?
Hibernate: update Vape set battery=?, vape_id=?, power_vape=?, type_vape=? where id_vape=?
Hibernate: select vape0_.id_vape as id_vape1_10_0_, item1_.id_item as id_item1_1_1_, vape0_.battery as battery2_10_0_, vape0_.vape_id as vape_id5_10_0_, vape0_.power_vape as power_va3_10_0_, vape0_.type_vape as type_vap4_10_0_, item1_.id_category as id_categ6_1_1_, item1_.name as name2_1_1_, item1_.photo as photo3_1_1_, item1_.price as price4_1_1_, item1_.quantity as quantity5_1_1_ from Vape vape0_ left outer join item item1_ on vape0_.vape_id=item1_.id_item where vape0_.id_vape=1
Hibernate: select liquide0_.id_liquide as id_liqui1_2_0_, liquide0_.flavour as flavour2_2_0_, liquide0_.fortress as fortress3_2_0_, liquide0_.liquide_id_item as liquide_6_2_0_, liquide0_.type_nicotine as type_nic4_2_0_, liquide0_.volume as volume5_2_0_ from liquide liquide0_ where liquide0_.liquide_id_item=?
Hibernate: select vaporizer0_.id_vaporizer as id_vapor1_11_0_, vaporizer0_.vaporizer_id_item as vaporize4_11_0_, vaporizer0_.resistance as resistan2_11_0_, vaporizer0_.type_vaporizer as type_vap3_11_0_ from vaporizer vaporizer0_ where vaporizer0_.vaporizer_id_item=?
</system-out>
  </testcase>
  <testcase classname="vapeshop.test.controller.VapeUnitTest" name="testGetAllVape" time="0.009"/>
  <testcase classname="vapeshop.test.controller.VapeUnitTest" name="testDeleteCategory" time="0.013"/>
</testsuite>